<?xml version="1.0" encoding="UTF-8"?>
<testng-results ignored="0" total="2" passed="2" failed="0" skipped="0">
  <reporter-output>
  </reporter-output>
  <suite started-at="2022-06-27T00:39:38 PKT" name="Suite" finished-at="2022-06-27T00:40:26 PKT" duration-ms="48027">
    <groups>
    </groups>
    <test started-at="2022-06-27T00:39:38 PKT" name="PersonRestApiTest" finished-at="2022-06-27T00:40:26 PKT" duration-ms="48027">
      <class name="com.tenpearls.testcases.AddToCartTestCases">
        <test-method is-config="true" signature="setUp()[pri:0, instance:com.tenpearls.testcases.AddToCartTestCases@6be968ce]" started-at="2022-06-27T00:39:38 PKT" name="setUp" finished-at="2022-06-27T00:39:58 PKT" duration-ms="20544" status="PASS">
          <reporter-output>
          </reporter-output>
        </test-method> <!-- setUp -->
        <test-method signature="verifyPageTitle()[pri:1, instance:com.tenpearls.testcases.AddToCartTestCases@6be968ce]" started-at="2022-06-27T00:39:58 PKT" name="verifyPageTitle" finished-at="2022-06-27T00:40:03 PKT" duration-ms="5086" status="PASS">
          <reporter-output>
          </reporter-output>
        </test-method> <!-- verifyPageTitle -->
        <test-method signature="invalidInputs()[pri:2, instance:com.tenpearls.testcases.AddToCartTestCases@6be968ce]" started-at="2022-06-27T00:40:03 PKT" name="invalidInputs" finished-at="2022-06-27T00:40:25 PKT" duration-ms="21686" status="PASS">
          <reporter-output>
          </reporter-output>
        </test-method> <!-- invalidInputs -->
        <test-method is-config="true" signature="tearDown()[pri:0, instance:com.tenpearls.testcases.AddToCartTestCases@6be968ce]" started-at="2022-06-27T00:40:25 PKT" name="tearDown" finished-at="2022-06-27T00:40:26 PKT" duration-ms="530" status="PASS">
          <reporter-output>
          </reporter-output>
        </test-method> <!-- tearDown -->
      </class> <!-- com.tenpearls.testcases.AddToCartTestCases -->
    </test> <!-- PersonRestApiTest -->
  </suite> <!-- Suite -->
</testng-results>
