<?xml version="1.0" encoding="UTF-8"?>
<testng-results ignored="0" total="2" passed="2" failed="0" skipped="0">
  <reporter-output>
  </reporter-output>
  <suite started-at="2022-06-27T11:37:04 PKT" name="Default suite" finished-at="2022-06-27T11:38:09 PKT" duration-ms="64562">
    <groups>
    </groups>
    <test started-at="2022-06-27T11:37:04 PKT" name="Default test" finished-at="2022-06-27T11:38:09 PKT" duration-ms="64562">
      <class name="com.tenpearls.testcases.AddToCartEditDeleteTestCases">
        <test-method is-config="true" signature="setUp()[pri:0, instance:com.tenpearls.testcases.AddToCartEditDeleteTestCases@2b40ff9c]" started-at="2022-06-27T11:37:04 PKT" name="setUp" finished-at="2022-06-27T11:37:37 PKT" duration-ms="33304" status="PASS">
          <reporter-output>
          </reporter-output>
        </test-method> <!-- setUp -->
        <test-method signature="verifyPageTitle()[pri:1, instance:com.tenpearls.testcases.AddToCartEditDeleteTestCases@2b40ff9c]" started-at="2022-06-27T11:37:37 PKT" name="verifyPageTitle" finished-at="2022-06-27T11:37:43 PKT" duration-ms="5075" status="PASS">
          <reporter-output>
          </reporter-output>
        </test-method> <!-- verifyPageTitle -->
        <test-method signature="invalidInputs()[pri:2, instance:com.tenpearls.testcases.AddToCartEditDeleteTestCases@2b40ff9c]" started-at="2022-06-27T11:37:43 PKT" name="invalidInputs" finished-at="2022-06-27T11:38:08 PKT" duration-ms="25590" status="PASS">
          <reporter-output>
          </reporter-output>
        </test-method> <!-- invalidInputs -->
        <test-method is-config="true" signature="tearDown()[pri:0, instance:com.tenpearls.testcases.AddToCartEditDeleteTestCases@2b40ff9c]" started-at="2022-06-27T11:38:08 PKT" name="tearDown" finished-at="2022-06-27T11:38:09 PKT" duration-ms="519" status="PASS">
          <reporter-output>
          </reporter-output>
        </test-method> <!-- tearDown -->
      </class> <!-- com.tenpearls.testcases.AddToCartEditDeleteTestCases -->
    </test> <!-- Default test -->
  </suite> <!-- Default suite -->
</testng-results>
