<?xml version="1.0" encoding="UTF-8"?>
<!-- Generated by org.testng.reporters.JUnitXMLReporter -->
<testsuite ignored="0" hostname="NIS-PK608s-MacBook-Pro.local" failures="0" tests="2" name="Default test" time="64.562" errors="0" timestamp="2022-06-27T11:38:14 PKT">
  <testcase classname="com.tenpearls.testcases.AddToCartEditDeleteTestCases" name="verifyPageTitle" time="5.075"/>
  <testcase classname="com.tenpearls.testcases.AddToCartEditDeleteTestCases" name="invalidInputs" time="25.59"/>
</testsuite> <!-- Default test -->
