<?xml version="1.0" encoding="UTF-8"?>
<!-- Generated by org.testng.reporters.JUnitXMLReporter -->
<testsuite ignored="0" hostname="NIS-PK608s-MacBook-Pro.local" failures="0" tests="2" name="PersonRestApiTest" time="48.027" errors="0" timestamp="2022-06-27T00:40:31 PKT">
  <testcase classname="com.tenpearls.testcases.AddToCartTestCases" name="verifyPageTitle" time="5.086"/>
  <testcase classname="com.tenpearls.testcases.AddToCartTestCases" name="invalidInputs" time="21.686"/>
</testsuite> <!-- PersonRestApiTest -->
